#
# A fatal error has been detected by the Java Runtime Environment:
#
#  Internal Error (safepoint.cpp:310), pid=5387, tid=0x0000000000002903
#  guarantee(PageArmed == 0) failed: invariant
#
# JRE version: Java(TM) SE Runtime Environment (8.0_144-b01) (build 1.8.0_144-b01)
# Java VM: Java HotSpot(TM) 64-Bit Server VM (25.144-b01 mixed mode bsd-amd64 compressed oops)
# Failed to write core dump. Core dumps have been disabled. To enable core dumping, try "ulimit -c unlimited" before starting Java again
#
# If you would like to submit a bug report, please visit:
#   http://bugreport.java.com/bugreport/crash.jsp
#

---------------  T H R E A D  ---------------

Current thread (0x00007ff35b806000):  VMThread [stack: 0x0000000124b29000,0x0000000124c29000] [id=10499]

Stack: [0x0000000124b29000,0x0000000124c29000],  sp=0x0000000124c28910,  free space=1022k
Native frames: (J=compiled Java code, j=interpreted, Vv=VM code, C=native code)
V  [libjvm.dylib+0x5b1ed6]  VMError::report_and_die()+0x3f8
V  [libjvm.dylib+0x1e8375]  report_vm_error(char const*, int, char const*, char const*)+0x54
V  [libjvm.dylib+0x4e2cbe]  SafepointSynchronize::begin()+0x2c8
V  [libjvm.dylib+0x5b8513]  VMThread::loop()+0x319
V  [libjvm.dylib+0x5b7e41]  VMThread::run()+0x79
V  [libjvm.dylib+0x48baee]  java_start(Thread*)+0xf6
C  [libsystem_pthread.dylib+0x405a]  _pthread_body+0x83
C  [libsystem_pthread.dylib+0x3fd7]  _pthread_body+0x0
C  [libsystem_pthread.dylib+0x13ed]  thread_start+0xd

VM_Operation (0x00007ff35ae01bd0): EnableBiasedLocking, mode: async safepoint, requested by thread 0x00007ff35c822000


---------------  P R O C E S S  ---------------

Java Threads: ( => current thread )
  0x00007ff35b04e000 JavaThread "Service Thread" daemon [_thread_blocked, id=18179, stack(0x0000000126b5d000,0x0000000126c5d000)]
  0x00007ff35b837800 JavaThread "C1 CompilerThread2" daemon [_thread_blocked, id=17667, stack(0x0000000126a5a000,0x0000000126b5a000)]
  0x00007ff35b837000 JavaThread "C2 CompilerThread1" daemon [_thread_blocked, id=17155, stack(0x0000000126957000,0x0000000126a57000)]
  0x00007ff35b04d000 JavaThread "C2 CompilerThread0" daemon [_thread_blocked, id=16643, stack(0x0000000126854000,0x0000000126954000)]
  0x00007ff35b04c800 JavaThread "Signal Dispatcher" daemon [_thread_blocked, id=12559, stack(0x0000000126751000,0x0000000126851000)]
  0x00007ff35b00e800 JavaThread "Finalizer" daemon [_thread_blocked, id=11523, stack(0x0000000124d2f000,0x0000000124e2f000)]
  0x00007ff35c008000 JavaThread "Reference Handler" daemon [_thread_blocked, id=11011, stack(0x0000000124c2c000,0x0000000124d2c000)]
  0x00007ff35b807000 JavaThread "main" [_thread_in_Java, id=3847, stack(0x000000010d4b3000,0x000000010d5b3000)]

Other Threads:
=>0x00007ff35b806000 VMThread [stack: 0x0000000124b29000,0x0000000124c29000] [id=10499]
  0x00007ff35c822000 WatcherThread [stack: 0x0000000126c60000,0x0000000126d60000] [id=18691]

VM state:synchronizing (normal execution)

VM Mutex/Monitor currently owned by a thread:  ([mutex/lock_event])
[0x00007ff35af014c0] Safepoint_lock - owner thread: 0x00007ff35b806000
[0x00007ff35af01540] Threads_lock - owner thread: 0x00007ff35b806000

Heap:
 PSYoungGen      total 106496K, used 80221K [0x0000000795580000, 0x000000079d780000, 0x00000007c0000000)
  eden space 105984K, 75% used [0x0000000795580000,0x000000079a3d7788,0x000000079bd00000)
  from space 512K, 0% used [0x000000079d700000,0x000000079d700000,0x000000079d780000)
  to   space 1024K, 0% used [0x000000079d580000,0x000000079d580000,0x000000079d680000)
 ParOldGen       total 87552K, used 78433K [0x0000000740000000, 0x0000000745580000, 0x0000000795580000)
  object space 87552K, 89% used [0x0000000740000000,0x0000000744c98480,0x0000000745580000)
 Metaspace       used 2723K, capacity 4494K, committed 4864K, reserved 1056768K
  class space    used 292K, capacity 386K, committed 512K, reserved 1048576K

Card table byte_map: [0x000000011e178000,0x000000011e579000] byte_map_base: 0x000000011a778000

Marking Bits: (ParMarkBitMap*) 0x000000010e6f35d0
 Begin Bits: [0x000000011ec30000, 0x0000000120c30000)
 End Bits:   [0x0000000120c30000, 0x0000000122c30000)

Polling page: 0x000000010d5f8000

CodeCache: size=245760Kb used=1282Kb max_used=1294Kb free=244477Kb
 bounds [0x000000010edb8000, 0x000000010f028000, 0x000000011ddb8000]
 total_blobs=297 nmethods=57 adapters=155
 compilation: enabled

Compilation events (10 events):
Event: 3.701 Thread 0x00007ff35b837800   53 %     3       Merge::insertionSort @ 12 (48 bytes)
Event: 3.701 Thread 0x00007ff35b837800 nmethod 53% 0x000000010eeeda90 code [0x000000010eeedc20, 0x000000010eeedff0]
Event: 3.701 Thread 0x00007ff35b837800   54       3       Merge::insertionSort (48 bytes)
Event: 3.701 Thread 0x00007ff35b837800 nmethod 54 0x000000010eeed390 code [0x000000010eeed520, 0x000000010eeed870]
Event: 3.701 Thread 0x00007ff35b837000   55 %     4       Merge::insertionSort @ 12 (48 bytes)
Event: 3.705 Thread 0x00007ff35b837000 nmethod 55% 0x000000010eef8e10 code [0x000000010eef8f60, 0x000000010eef9218]
Event: 3.709 Thread 0x00007ff35b837800   56 %     3       Merge::insertionSort @ 12 (48 bytes)
Event: 3.709 Thread 0x00007ff35b837800 nmethod 56% 0x000000010eef8650 code [0x000000010eef87e0, 0x000000010eef8bb0]
Event: 3.709 Thread 0x00007ff35b04d000   57 %     4       Merge::insertionSort @ 12 (48 bytes)
Event: 3.712 Thread 0x00007ff35b04d000 nmethod 57% 0x000000010eef8190 code [0x000000010eef82e0, 0x000000010eef8538]

GC Heap History (10 events):
Event: 2.521 GC heap before
{Heap before GC invocations=10 (full 0):
 PSYoungGen      total 128512K, used 128000K [0x0000000795580000, 0x000000079d880000, 0x00000007c0000000)
  eden space 128000K, 100% used [0x0000000795580000,0x000000079d280000,0x000000079d280000)
  from space 512K, 0% used [0x000000079d780000,0x000000079d780000,0x000000079d800000)
  to   space 512K, 0% used [0x000000079d800000,0x000000079d800000,0x000000079d880000)
 ParOldGen       total 87552K, used 78433K [0x0000000740000000, 0x0000000745580000, 0x0000000795580000)
  object space 87552K, 89% used [0x0000000740000000,0x0000000744c98480,0x0000000745580000)
 Metaspace       used 2669K, capacity 4494K, committed 4864K, reserved 1056768K
  class space    used 287K, capacity 386K, committed 512K, reserved 1048576K
Event: 2.522 GC heap after
Heap after GC invocations=10 (full 0):
 PSYoungGen      total 123904K, used 0K [0x0000000795580000, 0x000000079d880000, 0x00000007c0000000)
  eden space 123392K, 0% used [0x0000000795580000,0x0000000795580000,0x000000079ce00000)
  from space 512K, 0% used [0x000000079d800000,0x000000079d800000,0x000000079d880000)
  to   space 1024K, 0% used [0x000000079d680000,0x000000079d680000,0x000000079d780000)
 ParOldGen       total 87552K, used 78433K [0x0000000740000000, 0x0000000745580000, 0x0000000795580000)
  object space 87552K, 89% used [0x0000000740000000,0x0000000744c98480,0x0000000745580000)
 Metaspace       used 2669K, capacity 4494K, committed 4864K, reserved 1056768K
  class space    used 287K, capacity 386K, committed 512K, reserved 1048576K
}
Event: 2.744 GC heap before
{Heap before GC invocations=11 (full 0):
 PSYoungGen      total 123904K, used 123392K [0x0000000795580000, 0x000000079d880000, 0x00000007c0000000)
  eden space 123392K, 100% used [0x0000000795580000,0x000000079ce00000,0x000000079ce00000)
  from space 512K, 0% used [0x000000079d800000,0x000000079d800000,0x000000079d880000)
  to   space 1024K, 0% used [0x000000079d680000,0x000000079d680000,0x000000079d780000)
 ParOldGen       total 87552K, used 78433K [0x0000000740000000, 0x0000000745580000, 0x0000000795580000)
  object space 87552K, 89% used [0x0000000740000000,0x0000000744c98480,0x0000000745580000)
 Metaspace       used 2669K, capacity 4494K, committed 4864K, reserved 1056768K
  class space    used 287K, capacity 386K, committed 512K, reserved 1048576K
Event: 2.745 GC heap after
Heap after GC invocations=11 (full 0):
 PSYoungGen      total 119808K, used 0K [0x0000000795580000, 0x000000079d880000, 0x00000007c0000000)
  eden space 118784K, 0% used [0x0000000795580000,0x0000000795580000,0x000000079c980000)
  from space 1024K, 0% used [0x000000079d680000,0x000000079d680000,0x000000079d780000)
  to   space 1024K, 0% used [0x000000079d780000,0x000000079d780000,0x000000079d880000)
 ParOldGen       total 87552K, used 78433K [0x0000000740000000, 0x0000000745580000, 0x0000000795580000)
  object space 87552K, 89% used [0x0000000740000000,0x0000000744c98480,0x0000000745580000)
 Metaspace       used 2669K, capacity 4494K, committed 4864K, reserved 1056768K
  class space    used 287K, capacity 386K, committed 512K, reserved 1048576K
}
Event: 2.951 GC heap before
{Heap before GC invocations=12 (full 0):
 PSYoungGen      total 119808K, used 116587K [0x0000000795580000, 0x000000079d880000, 0x00000007c0000000)
  eden space 118784K, 98% used [0x0000000795580000,0x000000079c75ae90,0x000000079c980000)
  from space 1024K, 0% used [0x000000079d680000,0x000000079d680000,0x000000079d780000)
  to   space 1024K, 0% used [0x000000079d780000,0x000000079d780000,0x000000079d880000)
 ParOldGen       total 87552K, used 78433K [0x0000000740000000, 0x0000000745580000, 0x0000000795580000)
  object space 87552K, 89% used [0x0000000740000000,0x0000000744c98480,0x0000000745580000)
 Metaspace       used 2669K, capacity 4494K, committed 4864K, reserved 1056768K
  class space    used 287K, capacity 386K, committed 512K, reserved 1048576K
Event: 2.952 GC heap after
Heap after GC invocations=12 (full 0):
 PSYoungGen      total 114688K, used 0K [0x0000000795580000, 0x000000079d800000, 0x00000007c0000000)
  eden space 114176K, 0% used [0x0000000795580000,0x0000000795580000,0x000000079c500000)
  from space 512K, 0% used [0x000000079d780000,0x000000079d780000,0x000000079d800000)
  to   space 1024K, 0% used [0x000000079d600000,0x000000079d600000,0x000000079d700000)
 ParOldGen       total 87552K, used 78433K [0x0000000740000000, 0x0000000745580000, 0x0000000795580000)
  object space 87552K, 89% used [0x0000000740000000,0x0000000744c98480,0x0000000745580000)
 Metaspace       used 2669K, capacity 4494K, committed 4864K, reserved 1056768K
  class space    used 287K, capacity 386K, committed 512K, reserved 1048576K
}
Event: 3.154 GC heap before
{Heap before GC invocations=13 (full 0):
 PSYoungGen      total 114688K, used 114176K [0x0000000795580000, 0x000000079d800000, 0x00000007c0000000)
  eden space 114176K, 100% used [0x0000000795580000,0x000000079c500000,0x000000079c500000)
  from space 512K, 0% used [0x000000079d780000,0x000000079d780000,0x000000079d800000)
  to   space 1024K, 0% used [0x000000079d600000,0x000000079d600000,0x000000079d700000)
 ParOldGen       total 87552K, used 78433K [0x0000000740000000, 0x0000000745580000, 0x0000000795580000)
  object space 87552K, 89% used [0x0000000740000000,0x0000000744c98480,0x0000000745580000)
 Metaspace       used 2669K, capacity 4494K, committed 4864K, reserved 1056768K
  class space    used 287K, capacity 386K, committed 512K, reserved 1048576K
Event: 3.155 GC heap after
Heap after GC invocations=13 (full 0):
 PSYoungGen      total 111104K, used 0K [0x0000000795580000, 0x000000079d800000, 0x00000007c0000000)
  eden space 110080K, 0% used [0x0000000795580000,0x0000000795580000,0x000000079c100000)
  from space 1024K, 0% used [0x000000079d600000,0x000000079d600000,0x000000079d700000)
  to   space 1024K, 0% used [0x000000079d700000,0x000000079d700000,0x000000079d800000)
 ParOldGen       total 87552K, used 78433K [0x0000000740000000, 0x0000000745580000, 0x0000000795580000)
  object space 87552K, 89% used [0x0000000740000000,0x0000000744c98480,0x0000000745580000)
 Metaspace       used 2669K, capacity 4494K, committed 4864K, reserved 1056768K
  class space    used 287K, capacity 386K, committed 512K, reserved 1048576K
}
Event: 3.345 GC heap before
{Heap before GC invocations=14 (full 0):
 PSYoungGen      total 111104K, used 102298K [0x0000000795580000, 0x000000079d800000, 0x00000007c0000000)
  eden space 110080K, 92% used [0x0000000795580000,0x000000079b966858,0x000000079c100000)
  from space 1024K, 0% used [0x000000079d600000,0x000000079d600000,0x000000079d700000)
  to   space 1024K, 0% used [0x000000079d700000,0x000000079d700000,0x000000079d800000)
 ParOldGen       total 87552K, used 78433K [0x0000000740000000, 0x0000000745580000, 0x0000000795580000)
  object space 87552K, 89% used [0x0000000740000000,0x0000000744c98480,0x0000000745580000)
 Metaspace       used 2669K, capacity 4494K, committed 4864K, reserved 1056768K
  class space    used 287K, capacity 386K, committed 512K, reserved 1048576K
Event: 3.346 GC heap after
Heap after GC invocations=14 (full 0):
 PSYoungGen      total 106496K, used 0K [0x0000000795580000, 0x000000079d780000, 0x00000007c0000000)
  eden space 105984K, 0% used [0x0000000795580000,0x0000000795580000,0x000000079bd00000)
  from space 512K, 0% used [0x000000079d700000,0x000000079d700000,0x000000079d780000)
  to   space 1024K, 0% used [0x000000079d580000,0x000000079d580000,0x000000079d680000)
 ParOldGen       total 87552K, used 78433K [0x0000000740000000, 0x0000000745580000, 0x0000000795580000)
  object space 87552K, 89% used [0x0000000740000000,0x0000000744c98480,0x0000000745580000)
 Metaspace       used 2669K, capacity 4494K, committed 4864K, reserved 1056768K
  class space    used 287K, capacity 386K, committed 512K, reserved 1048576K
}

Deoptimization events (7 events):
Event: 0.374 Thread 0x00007ff35b807000 Uncommon trap: reason=unstable_if action=reinterpret pc=0x000000010eec9e10 method=SortDriver.makeArray(II)[I @ 13
Event: 0.469 Thread 0x00007ff35b807000 Uncommon trap: reason=unstable_if action=reinterpret pc=0x000000010eeca768 method=java.util.DualPivotQuicksort.sort([IIIZ)V @ 692
Event: 0.517 Thread 0x00007ff35b807000 Uncommon trap: reason=unstable_if action=reinterpret pc=0x000000010eedc1c4 method=java.util.DualPivotQuicksort.sort([IIIZ)V @ 751
Event: 0.518 Thread 0x00007ff35b807000 Uncommon trap: reason=unstable_if action=reinterpret pc=0x000000010eeda244 method=java.util.DualPivotQuicksort.sort([IIIZ)V @ 751
Event: 0.564 Thread 0x00007ff35b807000 Uncommon trap: reason=unstable_if action=reinterpret pc=0x000000010eee4ed0 method=java.util.DualPivotQuicksort.sort([IIIZ)V @ 751
Event: 3.429 Thread 0x00007ff35b807000 Uncommon trap: reason=unstable_if action=reinterpret pc=0x000000010eeddda4 method=java.util.Arrays.equals([I[I)Z @ 32
Event: 3.709 Thread 0x00007ff35b807000 Uncommon trap: reason=unstable_if action=reinterpret pc=0x000000010eef9150 method=Merge.insertionSort([I)V @ 13

Internal exceptions (2 events):
Event: 0.030 Thread 0x00007ff35b807000 Exception <a 'java/lang/NoSuchMethodError': Method sun.misc.Unsafe.defineClass(Ljava/lang/String;[BII)Ljava/lang/Class; name or signature does not match> (0x0000000795587ca8) thrown at [/Users/java_re/workspace/8-2-build-macosx-x86_64/jdk8u144/9417/hotspo
Event: 0.030 Thread 0x00007ff35b807000 Exception <a 'java/lang/NoSuchMethodError': Method sun.misc.Unsafe.prefetchRead(Ljava/lang/Object;J)V name or signature does not match> (0x0000000795587f90) thrown at [/Users/java_re/workspace/8-2-build-macosx-x86_64/jdk8u144/9417/hotspot/src/share/vm/pri

Events (10 events):
Event: 3.449 Thread 0x00007ff35b807000 DEOPT PACKING pc=0x000000010eecf301 sp=0x000000010d5b2770
Event: 3.449 Thread 0x00007ff35b807000 DEOPT UNPACKING pc=0x000000010edff633 sp=0x000000010d5b2598 mode 0
Event: 3.705 Thread 0x00007ff35b807000 DEOPT PACKING pc=0x000000010eeedf0a sp=0x000000010d5b2830
Event: 3.705 Thread 0x00007ff35b807000 DEOPT UNPACKING pc=0x000000010edff633 sp=0x000000010d5b25b0 mode 0
Event: 3.709 Thread 0x00007ff35b807000 Uncommon trap: trap_request=0xffffff65 fr.pc=0x000000010eef9150
Event: 3.709 Thread 0x00007ff35b807000 DEOPT PACKING pc=0x000000010eef9150 sp=0x000000010d5b2870
Event: 3.709 Thread 0x00007ff35b807000 DEOPT UNPACKING pc=0x000000010edbd229 sp=0x000000010d5b2838 mode 2
Event: 3.712 Thread 0x00007ff35b807000 DEOPT PACKING pc=0x000000010eef8aca sp=0x000000010d5b2830
Event: 3.712 Thread 0x00007ff35b807000 DEOPT UNPACKING pc=0x000000010edff633 sp=0x000000010d5b25b0 mode 0
Event: 4.106 Executing VM operation: EnableBiasedLocking


Dynamic libraries:
0x0000000003bfc000 	/System/Library/Frameworks/Cocoa.framework/Versions/A/Cocoa
0x0000000003bfc000 	/System/Library/Frameworks/Security.framework/Versions/A/Security
0x0000000003bfc000 	/System/Library/Frameworks/ApplicationServices.framework/Versions/A/ApplicationServices
0x0000000003bfc000 	/usr/lib/libz.1.dylib
0x0000000003bfc000 	/usr/lib/libSystem.B.dylib
0x0000000003bfc000 	/usr/lib/libobjc.A.dylib
0x0000000003bfc000 	/System/Library/Frameworks/CoreFoundation.framework/Versions/A/CoreFoundation
0x0000000003bfc000 	/System/Library/Frameworks/Foundation.framework/Versions/C/Foundation
0x0000000003bfc000 	/System/Library/Frameworks/AppKit.framework/Versions/C/AppKit
0x0000000003bfc000 	/System/Library/Frameworks/CoreData.framework/Versions/A/CoreData
0x0000000003bfc000 	/System/Library/PrivateFrameworks/RemoteViewServices.framework/Versions/A/RemoteViewServices
0x0000000003bfc000 	/System/Library/PrivateFrameworks/UIFoundation.framework/Versions/A/UIFoundation
0x0000000003bfc000 	/System/Library/Frameworks/IOSurface.framework/Versions/A/IOSurface
0x0000000003bfc000 	/System/Library/Frameworks/AudioToolbox.framework/Versions/A/AudioToolbox
0x0000000003bfc000 	/System/Library/Frameworks/AudioUnit.framework/Versions/A/AudioUnit
0x0000000003bfc000 	/System/Library/PrivateFrameworks/DataDetectorsCore.framework/Versions/A/DataDetectorsCore
0x0000000003bfc000 	/System/Library/PrivateFrameworks/DesktopServicesPriv.framework/Versions/A/DesktopServicesPriv
0x0000000003bfc000 	/System/Library/Frameworks/Carbon.framework/Versions/A/Frameworks/HIToolbox.framework/Versions/A/HIToolbox
0x0000000003bfc000 	/System/Library/Frameworks/QuartzCore.framework/Versions/A/QuartzCore
0x0000000003bfc000 	/System/Library/Frameworks/Carbon.framework/Versions/A/Frameworks/SpeechRecognition.framework/Versions/A/SpeechRecognition
0x0000000003bfc000 	/usr/lib/libauto.dylib
0x0000000003bfc000 	/usr/lib/libicucore.A.dylib
0x0000000003bfc000 	/usr/lib/libxml2.2.dylib
0x0000000003bfc000 	/System/Library/PrivateFrameworks/CoreUI.framework/Versions/A/CoreUI
0x0000000003bfc000 	/System/Library/Frameworks/CoreAudio.framework/Versions/A/CoreAudio
0x0000000003bfc000 	/System/Library/Frameworks/DiskArbitration.framework/Versions/A/DiskArbitration
0x0000000003bfc000 	/usr/lib/liblangid.dylib
0x0000000003bfc000 	/System/Library/PrivateFrameworks/MultitouchSupport.framework/Versions/A/MultitouchSupport
0x0000000003bfc000 	/System/Library/Frameworks/IOKit.framework/Versions/A/IOKit
0x0000000003bfc000 	/usr/lib/libDiagnosticMessagesClient.dylib
0x0000000003bfc000 	/System/Library/Frameworks/CoreServices.framework/Versions/A/CoreServices
0x0000000003bfc000 	/System/Library/PrivateFrameworks/PerformanceAnalysis.framework/Versions/A/PerformanceAnalysis
0x0000000003bfc000 	/System/Library/PrivateFrameworks/GenerationalStorage.framework/Versions/A/GenerationalStorage
0x0000000003bfc000 	/System/Library/Frameworks/OpenGL.framework/Versions/A/OpenGL
0x0000000003bfc000 	/System/Library/PrivateFrameworks/Sharing.framework/Versions/A/Sharing
0x0000000003bfc000 	/System/Library/Frameworks/CoreGraphics.framework/Versions/A/CoreGraphics
0x0000000003bfc000 	/System/Library/Frameworks/CoreText.framework/Versions/A/CoreText
0x0000000003bfc000 	/System/Library/Frameworks/ImageIO.framework/Versions/A/ImageIO
0x0000000003bfc000 	/usr/lib/libextension.dylib
0x0000000003bfc000 	/System/Library/PrivateFrameworks/Backup.framework/Versions/A/Backup
0x0000000003bfc000 	/usr/lib/libarchive.2.dylib
0x0000000003bfc000 	/System/Library/Frameworks/CFNetwork.framework/Versions/A/CFNetwork
0x0000000003bfc000 	/System/Library/Frameworks/SystemConfiguration.framework/Versions/A/SystemConfiguration
0x0000000003bfc000 	/usr/lib/libCRFSuite.dylib
0x0000000003bfc000 	/usr/lib/libc++.1.dylib
0x0000000003bfc000 	/usr/lib/libc++abi.dylib
0x0000000003bfc000 	/usr/lib/system/libcache.dylib
0x0000000003bfc000 	/usr/lib/system/libcommonCrypto.dylib
0x0000000003bfc000 	/usr/lib/system/libcompiler_rt.dylib
0x0000000003bfc000 	/usr/lib/system/libcopyfile.dylib
0x0000000003bfc000 	/usr/lib/system/libcorecrypto.dylib
0x0000000003bfc000 	/usr/lib/system/libdispatch.dylib
0x0000000003bfc000 	/usr/lib/system/libdyld.dylib
0x0000000003bfc000 	/usr/lib/system/libkeymgr.dylib
0x0000000003bfc000 	/usr/lib/system/liblaunch.dylib
0x0000000003bfc000 	/usr/lib/system/libmacho.dylib
0x0000000003bfc000 	/usr/lib/system/libquarantine.dylib
0x0000000003bfc000 	/usr/lib/system/libremovefile.dylib
0x0000000003bfc000 	/usr/lib/system/libsystem_asl.dylib
0x0000000003bfc000 	/usr/lib/system/libsystem_blocks.dylib
0x0000000003bfc000 	/usr/lib/system/libsystem_c.dylib
0x0000000003bfc000 	/usr/lib/system/libsystem_configuration.dylib
0x0000000003bfc000 	/usr/lib/system/libsystem_coreservices.dylib
0x0000000003bfc000 	/usr/lib/system/libsystem_coretls.dylib
0x0000000003bfc000 	/usr/lib/system/libsystem_dnssd.dylib
0x0000000003bfc000 	/usr/lib/system/libsystem_info.dylib
0x0000000003bfc000 	/usr/lib/system/libsystem_kernel.dylib
0x0000000003bfc000 	/usr/lib/system/libsystem_m.dylib
0x0000000003bfc000 	/usr/lib/system/libsystem_malloc.dylib
0x0000000003bfc000 	/usr/lib/system/libsystem_network.dylib
0x0000000003bfc000 	/usr/lib/system/libsystem_networkextension.dylib
0x0000000003bfc000 	/usr/lib/system/libsystem_notify.dylib
0x0000000003bfc000 	/usr/lib/system/libsystem_platform.dylib
0x0000000003bfc000 	/usr/lib/system/libsystem_pthread.dylib
0x0000000003bfc000 	/usr/lib/system/libsystem_sandbox.dylib
0x0000000003bfc000 	/usr/lib/system/libsystem_secinit.dylib
0x0000000003bfc000 	/usr/lib/system/libsystem_stats.dylib
0x0000000003bfc000 	/usr/lib/system/libsystem_trace.dylib
0x0000000003bfc000 	/usr/lib/system/libunc.dylib
0x0000000003bfc000 	/usr/lib/system/libunwind.dylib
0x0000000003bfc000 	/usr/lib/system/libxpc.dylib
0x0000000003bfc000 	/usr/lib/libbz2.1.0.dylib
0x0000000003bfc000 	/usr/lib/liblzma.5.dylib
0x0000000003bfc000 	/usr/lib/libbsm.0.dylib
0x0000000003bfc000 	/usr/lib/libsqlite3.dylib
0x0000000003bfc000 	/usr/lib/system/libkxld.dylib
0x0000000003bfc000 	/usr/lib/libxar.1.dylib
0x0000000003bfc000 	/usr/lib/libpam.2.dylib
0x0000000003bfc000 	/usr/lib/libOpenScriptingUtil.dylib
0x0000000003bfc000 	/System/Library/Frameworks/CoreServices.framework/Versions/A/Frameworks/FSEvents.framework/Versions/A/FSEvents
0x0000000003bfc000 	/System/Library/Frameworks/CoreServices.framework/Versions/A/Frameworks/CarbonCore.framework/Versions/A/CarbonCore
0x0000000003bfc000 	/System/Library/Frameworks/CoreServices.framework/Versions/A/Frameworks/Metadata.framework/Versions/A/Metadata
0x0000000003bfc000 	/System/Library/Frameworks/CoreServices.framework/Versions/A/Frameworks/OSServices.framework/Versions/A/OSServices
0x0000000003bfc000 	/System/Library/Frameworks/CoreServices.framework/Versions/A/Frameworks/SearchKit.framework/Versions/A/SearchKit
0x0000000003bfc000 	/System/Library/Frameworks/CoreServices.framework/Versions/A/Frameworks/AE.framework/Versions/A/AE
0x0000000003bfc000 	/System/Library/Frameworks/CoreServices.framework/Versions/A/Frameworks/LaunchServices.framework/Versions/A/LaunchServices
0x0000000003bfc000 	/System/Library/Frameworks/CoreServices.framework/Versions/A/Frameworks/DictionaryServices.framework/Versions/A/DictionaryServices
0x0000000003bfc000 	/System/Library/Frameworks/NetFS.framework/Versions/A/NetFS
0x0000000003bfc000 	/System/Library/PrivateFrameworks/NetAuth.framework/Versions/A/NetAuth
0x0000000003bfc000 	/System/Library/PrivateFrameworks/login.framework/Versions/A/Frameworks/loginsupport.framework/Versions/A/loginsupport
0x0000000003bfc000 	/System/Library/PrivateFrameworks/TCC.framework/Versions/A/TCC
0x0000000003bfc000 	/usr/lib/libmecabra.dylib
0x0000000003bfc000 	/System/Library/Frameworks/ApplicationServices.framework/Versions/A/Frameworks/ATS.framework/Versions/A/ATS
0x0000000003bfc000 	/System/Library/Frameworks/ApplicationServices.framework/Versions/A/Frameworks/ColorSync.framework/Versions/A/ColorSync
0x0000000003bfc000 	/System/Library/Frameworks/ApplicationServices.framework/Versions/A/Frameworks/HIServices.framework/Versions/A/HIServices
0x0000000003bfc000 	/System/Library/Frameworks/ApplicationServices.framework/Versions/A/Frameworks/LangAnalysis.framework/Versions/A/LangAnalysis
0x0000000003bfc000 	/System/Library/Frameworks/ApplicationServices.framework/Versions/A/Frameworks/PrintCore.framework/Versions/A/PrintCore
0x0000000003bfc000 	/System/Library/Frameworks/ApplicationServices.framework/Versions/A/Frameworks/QD.framework/Versions/A/QD
0x0000000003bfc000 	/System/Library/Frameworks/ApplicationServices.framework/Versions/A/Frameworks/SpeechSynthesis.framework/Versions/A/SpeechSynthesis
0x0000000003bfc000 	/System/Library/Frameworks/Accelerate.framework/Versions/A/Accelerate
0x0000000003bfc000 	/System/Library/Frameworks/Accelerate.framework/Versions/A/Frameworks/vImage.framework/Versions/A/vImage
0x0000000003bfc000 	/System/Library/Frameworks/Accelerate.framework/Versions/A/Frameworks/vecLib.framework/Versions/A/vecLib
0x0000000003bfc000 	/System/Library/Frameworks/Accelerate.framework/Versions/A/Frameworks/vecLib.framework/Versions/A/libvDSP.dylib
0x0000000003bfc000 	/System/Library/Frameworks/Accelerate.framework/Versions/A/Frameworks/vecLib.framework/Versions/A/libvMisc.dylib
0x0000000003bfc000 	/System/Library/Frameworks/Accelerate.framework/Versions/A/Frameworks/vecLib.framework/Versions/A/libLAPACK.dylib
0x0000000003bfc000 	/System/Library/Frameworks/Accelerate.framework/Versions/A/Frameworks/vecLib.framework/Versions/A/libBLAS.dylib
0x0000000003bfc000 	/System/Library/Frameworks/Accelerate.framework/Versions/A/Frameworks/vecLib.framework/Versions/A/libLinearAlgebra.dylib
0x0000000003bfc000 	/System/Library/Frameworks/ApplicationServices.framework/Versions/A/Frameworks/ATS.framework/Versions/A/Resources/libFontParser.dylib
0x0000000003bfc000 	/System/Library/Frameworks/ApplicationServices.framework/Versions/A/Frameworks/ATS.framework/Versions/A/Resources/libFontRegistry.dylib
0x0000000003bfc000 	/System/Library/PrivateFrameworks/AppleVPA.framework/Versions/A/AppleVPA
0x0000000003bfc000 	/System/Library/PrivateFrameworks/AppleJPEG.framework/Versions/A/AppleJPEG
0x0000000003bfc000 	/System/Library/Frameworks/ImageIO.framework/Versions/A/Resources/libJPEG.dylib
0x0000000003bfc000 	/System/Library/Frameworks/ImageIO.framework/Versions/A/Resources/libTIFF.dylib
0x0000000003bfc000 	/System/Library/Frameworks/ImageIO.framework/Versions/A/Resources/libPng.dylib
0x0000000003bfc000 	/System/Library/Frameworks/ImageIO.framework/Versions/A/Resources/libGIF.dylib
0x0000000003bfc000 	/System/Library/Frameworks/ImageIO.framework/Versions/A/Resources/libJP2.dylib
0x0000000003bfc000 	/System/Library/Frameworks/ImageIO.framework/Versions/A/Resources/libRadiance.dylib
0x0000000003bfc000 	/System/Library/Frameworks/CoreVideo.framework/Versions/A/CoreVideo
0x0000000003bfc000 	/System/Library/Frameworks/OpenGL.framework/Versions/A/Libraries/libGLU.dylib
0x0000000003bfc000 	/System/Library/Frameworks/OpenGL.framework/Versions/A/Libraries/libGFXShared.dylib
0x0000000003bfc000 	/System/Library/Frameworks/OpenGL.framework/Versions/A/Libraries/libGL.dylib
0x0000000003bfc000 	/System/Library/Frameworks/OpenGL.framework/Versions/A/Libraries/libGLImage.dylib
0x0000000003bfc000 	/System/Library/Frameworks/OpenGL.framework/Versions/A/Libraries/libCVMSPluginSupport.dylib
0x0000000003bfc000 	/System/Library/Frameworks/OpenGL.framework/Versions/A/Libraries/libCoreVMClient.dylib
0x0000000003bfc000 	/usr/lib/libcups.2.dylib
0x0000000003bfc000 	/System/Library/Frameworks/Kerberos.framework/Versions/A/Kerberos
0x0000000003bfc000 	/System/Library/Frameworks/GSS.framework/Versions/A/GSS
0x0000000003bfc000 	/usr/lib/libresolv.9.dylib
0x0000000003bfc000 	/usr/lib/libiconv.2.dylib
0x0000000003bfc000 	/System/Library/PrivateFrameworks/Heimdal.framework/Versions/A/Heimdal
0x0000000003bfc000 	/usr/lib/libheimdal-asn1.dylib
0x0000000003bfc000 	/System/Library/Frameworks/OpenDirectory.framework/Versions/A/OpenDirectory
0x0000000003bfc000 	/System/Library/PrivateFrameworks/CommonAuth.framework/Versions/A/CommonAuth
0x0000000003bfc000 	/System/Library/Frameworks/OpenDirectory.framework/Versions/A/Frameworks/CFOpenDirectory.framework/Versions/A/CFOpenDirectory
0x0000000003bfc000 	/System/Library/Frameworks/SecurityFoundation.framework/Versions/A/SecurityFoundation
0x0000000003bfc000 	/System/Library/PrivateFrameworks/LanguageModeling.framework/Versions/A/LanguageModeling
0x0000000003bfc000 	/usr/lib/libcmph.dylib
0x0000000003bfc000 	/System/Library/Frameworks/ServiceManagement.framework/Versions/A/ServiceManagement
0x0000000003bfc000 	/usr/lib/libxslt.1.dylib
0x0000000003bfc000 	/System/Library/Frameworks/Carbon.framework/Versions/A/Frameworks/Ink.framework/Versions/A/Ink
0x0000000003bfc000 	/System/Library/Frameworks/QuartzCore.framework/Versions/A/Frameworks/CoreImage.framework/Versions/A/CoreImage
0x0000000003bfc000 	/System/Library/PrivateFrameworks/CrashReporterSupport.framework/Versions/A/CrashReporterSupport
0x0000000003bfc000 	/System/Library/Frameworks/OpenCL.framework/Versions/A/OpenCL
0x0000000003bfc000 	/System/Library/PrivateFrameworks/FaceCore.framework/Versions/A/FaceCore
0x0000000003bfc000 	/System/Library/PrivateFrameworks/Ubiquity.framework/Versions/A/Ubiquity
0x0000000003bfc000 	/System/Library/PrivateFrameworks/IconServices.framework/Versions/A/IconServices
0x0000000003bfc000 	/System/Library/PrivateFrameworks/ChunkingLibrary.framework/Versions/A/ChunkingLibrary
0x0000000003bfc000 	/System/Library/PrivateFrameworks/Apple80211.framework/Versions/A/Apple80211
0x0000000003bfc000 	/System/Library/Frameworks/CoreWLAN.framework/Versions/A/CoreWLAN
0x0000000003bfc000 	/System/Library/Frameworks/IOBluetooth.framework/Versions/A/IOBluetooth
0x0000000003bfc000 	/System/Library/PrivateFrameworks/CoreWiFi.framework/Versions/A/CoreWiFi
0x0000000003bfc000 	/System/Library/Frameworks/CoreBluetooth.framework/Versions/A/CoreBluetooth
0x0000000003bfc000 	/System/Library/PrivateFrameworks/DebugSymbols.framework/Versions/A/DebugSymbols
0x0000000003bfc000 	/System/Library/PrivateFrameworks/CoreSymbolication.framework/Versions/A/CoreSymbolication
0x0000000003bfc000 	/System/Library/PrivateFrameworks/Symbolication.framework/Versions/A/Symbolication
0x0000000003bfc000 	/System/Library/PrivateFrameworks/SpeechRecognitionCore.framework/Versions/A/SpeechRecognitionCore
0x000000010de00000 	/Library/Java/JavaVirtualMachines/jdk1.8.0_144.jdk/Contents/Home/jre/lib/server/libjvm.dylib
0x0000000003bfc000 	/usr/lib/libstdc++.6.dylib
0x000000010d5b5000 	/Library/Java/JavaVirtualMachines/jdk1.8.0_144.jdk/Contents/Home/jre/lib/libverify.dylib
0x000000010d5c3000 	/Library/Java/JavaVirtualMachines/jdk1.8.0_144.jdk/Contents/Home/jre/lib/libjava.dylib
0x000000010edaf000 	/Library/Java/JavaVirtualMachines/jdk1.8.0_144.jdk/Contents/Home/jre/lib/libzip.dylib
0x0000000124e31000 	/System/Library/Frameworks/JavaVM.framework/Frameworks/JavaRuntimeSupport.framework/JavaRuntimeSupport
0x0000000124e47000 	/System/Library/Frameworks/JavaVM.framework/Versions/A/Frameworks/JavaNativeFoundation.framework/Versions/A/JavaNativeFoundation
0x0000000124e5b000 	/System/Library/Frameworks/JavaVM.framework/Versions/A/JavaVM
0x0000000003bfc000 	/System/Library/Frameworks/Carbon.framework/Versions/A/Carbon
0x0000000124e67000 	/System/Library/PrivateFrameworks/JavaLaunching.framework/Versions/A/JavaLaunching
0x0000000003bfc000 	/System/Library/Frameworks/Carbon.framework/Versions/A/Frameworks/CommonPanels.framework/Versions/A/CommonPanels
0x0000000003bfc000 	/System/Library/Frameworks/Carbon.framework/Versions/A/Frameworks/Help.framework/Versions/A/Help
0x0000000003bfc000 	/System/Library/Frameworks/Carbon.framework/Versions/A/Frameworks/ImageCapture.framework/Versions/A/ImageCapture
0x0000000003bfc000 	/System/Library/Frameworks/Carbon.framework/Versions/A/Frameworks/OpenScripting.framework/Versions/A/OpenScripting
0x0000000003bfc000 	/System/Library/Frameworks/Carbon.framework/Versions/A/Frameworks/Print.framework/Versions/A/Print
0x0000000003bfc000 	/System/Library/Frameworks/Carbon.framework/Versions/A/Frameworks/SecurityHI.framework/Versions/A/SecurityHI

VM Arguments:
java_command: SortDriver 10000000 2
java_class_path (initial): .
Launcher Type: SUN_STANDARD

Environment Variables:
PATH=/usr/local/bin:/usr/bin:/bin:/usr/sbin:/sbin
SHELL=/bin/bash

Signal Handlers:
SIGSEGV: [libjvm.dylib+0x5b26e5], sa_mask[0]=11111111011111110111111111111111, sa_flags=SA_ONSTACK|SA_RESTART|SA_SIGINFO
SIGBUS: [libjvm.dylib+0x5b26e5], sa_mask[0]=11111111011111110111111111111111, sa_flags=SA_RESTART|SA_SIGINFO
SIGFPE: [libjvm.dylib+0x489100], sa_mask[0]=11111111011111110111111111111111, sa_flags=SA_RESTART|SA_SIGINFO
SIGPIPE: [libjvm.dylib+0x489100], sa_mask[0]=11111111011111110111111111111111, sa_flags=SA_RESTART|SA_SIGINFO
SIGXFSZ: [libjvm.dylib+0x489100], sa_mask[0]=11111111011111110111111111111111, sa_flags=SA_RESTART|SA_SIGINFO
SIGILL: [libjvm.dylib+0x489100], sa_mask[0]=11111111011111110111111111111111, sa_flags=SA_RESTART|SA_SIGINFO
SIGUSR1: SIG_DFL, sa_mask[0]=11011111011111100000000111000110, sa_flags=none
SIGUSR2: [libjvm.dylib+0x488c1e], sa_mask[0]=00000000000000000000000000000000, sa_flags=SA_RESTART|SA_SIGINFO
SIGHUP: [libjvm.dylib+0x4871f5], sa_mask[0]=11111111011111110111111111111111, sa_flags=SA_RESTART|SA_SIGINFO
SIGINT: [libjvm.dylib+0x4871f5], sa_mask[0]=11111111011111110111111111111111, sa_flags=SA_RESTART|SA_SIGINFO
SIGTERM: [libjvm.dylib+0x4871f5], sa_mask[0]=11111111011111110111111111111111, sa_flags=SA_RESTART|SA_SIGINFO
SIGQUIT: [libjvm.dylib+0x4871f5], sa_mask[0]=11111111011111110111111111111111, sa_flags=SA_RESTART|SA_SIGINFO


---------------  S Y S T E M  ---------------

OS:Bsduname:Darwin 14.5.0 Darwin Kernel Version 14.5.0: Sun Jun  4 21:40:08 PDT 2017; root:xnu-2782.70.3~1/RELEASE_X86_64 x86_64
rlimit: STACK 8192k, CORE 0k, NPROC 709, NOFILE 10240, AS infinity
load average:3.16 2.83 2.49

CPU:total 4 (initial active 4) (2 cores per cpu, 2 threads per core) family 6 model 61 stepping 4, cmov, cx8, fxsr, mmx, sse, sse2, sse3, ssse3, sse4.1, sse4.2, popcnt, avx, avx2, aes, clmul, erms, 3dnowpref, lzcnt, ht, tsc, tscinvbit, bmi1, bmi2, adx

Memory: 4k page, physical 8388608k(72128k free)

/proc/meminfo:


vm_info: Java HotSpot(TM) 64-Bit Server VM (25.144-b01) for bsd-amd64 JRE (1.8.0_144-b01), built on Jul 21 2017 22:07:42 by "java_re" with gcc 4.2.1 (Based on Apple Inc. build 5658) (LLVM build 2336.11.00)

time: Fri Mar 23 14:38:17 2018
elapsed time: 433 seconds (0d 0h 7m 13s)

